{"/Users/jwangbot/.openclaw/workspace/TritonSchedule/frontend/src/components/CourseRow.tsx": {"path":"/Users/jwangbot/.openclaw/workspace/TritonSchedule/frontend/src/components/CourseRow.tsx","all":false,"statementMap":{"0":{"start":{"line":1,"column":0},"end":{"line":1,"column":90}},"1":{"start":{"line":2,"column":0},"end":{"line":2,"column":48}},"2":{"start":{"line":3,"column":0},"end":{"line":3,"column":98}},"3":{"start":{"line":4,"column":0},"end":{"line":4,"column":103}},"5":{"start":{"line":6,"column":0},"end":{"line":6,"column":33}},"6":{"start":{"line":7,"column":0},"end":{"line":7,"column":33}},"16":{"start":{"line":17,"column":0},"end":{"line":17,"column":27}},"17":{"start":{"line":18,"column":0},"end":{"line":18,"column":9}},"18":{"start":{"line":19,"column":0},"end":{"line":19,"column":10}},"19":{"start":{"line":20,"column":0},"end":{"line":20,"column":18}},"20":{"start":{"line":21,"column":0},"end":{"line":21,"column":21}},"21":{"start":{"line":22,"column":0},"end":{"line":22,"column":15}},"22":{"start":{"line":23,"column":0},"end":{"line":23,"column":20}},"23":{"start":{"line":24,"column":0},"end":{"line":24,"column":56}},"24":{"start":{"line":25,"column":0},"end":{"line":25,"column":43}},"25":{"start":{"line":26,"column":0},"end":{"line":26,"column":51}},"26":{"start":{"line":27,"column":0},"end":{"line":27,"column":87}},"27":{"start":{"line":28,"column":0},"end":{"line":28,"column":38}},"30":{"start":{"line":31,"column":0},"end":{"line":31,"column":61}},"31":{"start":{"line":32,"column":0},"end":{"line":32,"column":40}},"34":{"start":{"line":35,"column":0},"end":{"line":35,"column":91}},"36":{"start":{"line":37,"column":0},"end":{"line":37,"column":10}},"37":{"start":{"line":38,"column":0},"end":{"line":38,"column":56}},"38":{"start":{"line":39,"column":0},"end":{"line":39,"column":168}},"39":{"start":{"line":40,"column":0},"end":{"line":40,"column":36}},"40":{"start":{"line":41,"column":0},"end":{"line":41,"column":118}},"41":{"start":{"line":42,"column":0},"end":{"line":42,"column":68}},"42":{"start":{"line":43,"column":0},"end":{"line":43,"column":18}},"43":{"start":{"line":44,"column":0},"end":{"line":44,"column":83}},"44":{"start":{"line":45,"column":0},"end":{"line":45,"column":57}},"46":{"start":{"line":47,"column":0},"end":{"line":47,"column":85}},"47":{"start":{"line":48,"column":0},"end":{"line":48,"column":35}},"49":{"start":{"line":50,"column":0},"end":{"line":50,"column":69}},"50":{"start":{"line":51,"column":0},"end":{"line":51,"column":29}},"53":{"start":{"line":54,"column":0},"end":{"line":54,"column":110}},"54":{"start":{"line":55,"column":0},"end":{"line":55,"column":57}},"56":{"start":{"line":57,"column":0},"end":{"line":57,"column":24}},"57":{"start":{"line":58,"column":0},"end":{"line":58,"column":28}},"58":{"start":{"line":59,"column":0},"end":{"line":59,"column":83}},"59":{"start":{"line":60,"column":0},"end":{"line":60,"column":38}},"65":{"start":{"line":66,"column":0},"end":{"line":66,"column":28}},"66":{"start":{"line":67,"column":0},"end":{"line":67,"column":80}},"67":{"start":{"line":68,"column":0},"end":{"line":68,"column":62}},"68":{"start":{"line":69,"column":0},"end":{"line":69,"column":34}},"71":{"start":{"line":72,"column":0},"end":{"line":72,"column":60}},"72":{"start":{"line":73,"column":0},"end":{"line":73,"column":54}},"73":{"start":{"line":74,"column":0},"end":{"line":74,"column":86}},"74":{"start":{"line":75,"column":0},"end":{"line":75,"column":21}},"75":{"start":{"line":76,"column":0},"end":{"line":76,"column":120}},"76":{"start":{"line":77,"column":0},"end":{"line":77,"column":57}},"77":{"start":{"line":78,"column":0},"end":{"line":78,"column":116}},"81":{"start":{"line":82,"column":0},"end":{"line":82,"column":54}},"82":{"start":{"line":83,"column":0},"end":{"line":83,"column":83}},"83":{"start":{"line":84,"column":0},"end":{"line":84,"column":21}},"84":{"start":{"line":85,"column":0},"end":{"line":85,"column":110}},"85":{"start":{"line":86,"column":0},"end":{"line":86,"column":78}},"89":{"start":{"line":90,"column":0},"end":{"line":90,"column":34}},"90":{"start":{"line":91,"column":0},"end":{"line":91,"column":56}},"91":{"start":{"line":92,"column":0},"end":{"line":92,"column":85}},"92":{"start":{"line":93,"column":0},"end":{"line":93,"column":50}},"93":{"start":{"line":94,"column":0},"end":{"line":94,"column":130}},"94":{"start":{"line":95,"column":0},"end":{"line":95,"column":97}},"95":{"start":{"line":96,"column":0},"end":{"line":96,"column":103}},"96":{"start":{"line":97,"column":0},"end":{"line":97,"column":36}},"97":{"start":{"line":98,"column":0},"end":{"line":98,"column":56}},"98":{"start":{"line":99,"column":0},"end":{"line":99,"column":81}},"101":{"start":{"line":102,"column":0},"end":{"line":102,"column":123}},"102":{"start":{"line":103,"column":0},"end":{"line":103,"column":70}},"103":{"start":{"line":104,"column":0},"end":{"line":104,"column":116}},"104":{"start":{"line":105,"column":0},"end":{"line":105,"column":79}},"105":{"start":{"line":106,"column":0},"end":{"line":106,"column":94}},"106":{"start":{"line":107,"column":0},"end":{"line":107,"column":109}},"107":{"start":{"line":108,"column":0},"end":{"line":108,"column":67}},"118":{"start":{"line":119,"column":0},"end":{"line":119,"column":34}},"119":{"start":{"line":120,"column":0},"end":{"line":120,"column":56}},"120":{"start":{"line":121,"column":0},"end":{"line":121,"column":88}},"121":{"start":{"line":122,"column":0},"end":{"line":122,"column":23}},"122":{"start":{"line":123,"column":0},"end":{"line":123,"column":112}},"123":{"start":{"line":124,"column":0},"end":{"line":124,"column":79}},"128":{"start":{"line":129,"column":0},"end":{"line":129,"column":32}},"129":{"start":{"line":130,"column":0},"end":{"line":130,"column":56}},"130":{"start":{"line":131,"column":0},"end":{"line":131,"column":88}},"131":{"start":{"line":132,"column":0},"end":{"line":132,"column":23}},"132":{"start":{"line":133,"column":0},"end":{"line":133,"column":110}},"133":{"start":{"line":134,"column":0},"end":{"line":134,"column":77}},"139":{"start":{"line":140,"column":0},"end":{"line":140,"column":19}},"140":{"start":{"line":141,"column":0},"end":{"line":141,"column":31}},"141":{"start":{"line":142,"column":0},"end":{"line":142,"column":36}},"142":{"start":{"line":143,"column":0},"end":{"line":143,"column":60}},"143":{"start":{"line":144,"column":0},"end":{"line":144,"column":16}},"144":{"start":{"line":145,"column":0},"end":{"line":145,"column":32}},"145":{"start":{"line":146,"column":0},"end":{"line":146,"column":23}},"146":{"start":{"line":147,"column":0},"end":{"line":147,"column":57}},"148":{"start":{"line":149,"column":0},"end":{"line":149,"column":26}},"149":{"start":{"line":150,"column":0},"end":{"line":150,"column":18}},"150":{"start":{"line":151,"column":0},"end":{"line":151,"column":47}},"154":{"start":{"line":155,"column":0},"end":{"line":155,"column":18}},"155":{"start":{"line":156,"column":0},"end":{"line":156,"column":46}},"165":{"start":{"line":166,"column":0},"end":{"line":166,"column":1}}},"s":{"0":1,"1":1,"2":1,"3":1,"5":1,"6":1,"16":1,"17":11,"18":11,"19":11,"20":11,"21":11,"22":11,"23":11,"24":11,"25":11,"26":11,"27":11,"30":11,"31":11,"34":11,"36":11,"37":11,"38":11,"39":11,"40":11,"41":11,"42":11,"43":11,"44":11,"46":11,"47":11,"49":11,"50":11,"53":11,"54":11,"56":11,"57":11,"58":11,"59":11,"65":11,"66":11,"67":11,"68":11,"71":11,"72":11,"73":11,"74":11,"75":11,"76":11,"77":11,"81":11,"82":11,"83":11,"84":11,"85":11,"89":11,"90":11,"91":11,"92":11,"93":11,"94":11,"95":11,"96":11,"97":11,"98":11,"101":11,"102":11,"103":11,"104":11,"105":11,"106":11,"107":11,"118":11,"119":11,"120":11,"121":11,"122":11,"123":11,"128":11,"129":11,"130":11,"131":11,"132":11,"133":11,"139":11,"140":11,"141":0,"142":0,"143":0,"144":11,"145":11,"146":11,"148":11,"149":1,"150":1,"154":1,"155":11,"165":11},"branchMap":{"0":{"type":"branch","line":17,"loc":{"start":{"line":17,"column":7},"end":{"line":166,"column":1}},"locations":[{"start":{"line":17,"column":7},"end":{"line":166,"column":1}}]},"1":{"type":"branch","line":25,"loc":{"start":{"line":25,"column":17},"end":{"line":25,"column":43}},"locations":[{"start":{"line":25,"column":17},"end":{"line":25,"column":43}}]},"2":{"type":"branch","line":28,"loc":{"start":{"line":28,"column":34},"end":{"line":28,"column":38}},"locations":[{"start":{"line":28,"column":34},"end":{"line":28,"column":38}}]},"3":{"type":"branch","line":55,"loc":{"start":{"line":55,"column":35},"end":{"line":55,"column":45}},"locations":[{"start":{"line":55,"column":35},"end":{"line":55,"column":45}}]},"4":{"type":"branch","line":55,"loc":{"start":{"line":55,"column":45},"end":{"line":55,"column":57}},"locations":[{"start":{"line":55,"column":45},"end":{"line":55,"column":57}}]},"5":{"type":"branch","line":60,"loc":{"start":{"line":60,"column":16},"end":{"line":60,"column":38}},"locations":[{"start":{"line":60,"column":16},"end":{"line":60,"column":38}}]},"6":{"type":"branch","line":78,"loc":{"start":{"line":78,"column":51},"end":{"line":78,"column":57}},"locations":[{"start":{"line":78,"column":51},"end":{"line":78,"column":57}}]},"7":{"type":"branch","line":78,"loc":{"start":{"line":78,"column":94},"end":{"line":78,"column":104}},"locations":[{"start":{"line":78,"column":94},"end":{"line":78,"column":104}}]},"8":{"type":"branch","line":78,"loc":{"start":{"line":78,"column":104},"end":{"line":78,"column":116}},"locations":[{"start":{"line":78,"column":104},"end":{"line":78,"column":116}}]},"9":{"type":"branch","line":147,"loc":{"start":{"line":147,"column":23},"end":{"line":147,"column":47}},"locations":[{"start":{"line":147,"column":23},"end":{"line":147,"column":47}}]},"10":{"type":"branch","line":147,"loc":{"start":{"line":147,"column":33},"end":{"line":147,"column":57}},"locations":[{"start":{"line":147,"column":33},"end":{"line":147,"column":57}}]},"11":{"type":"branch","line":149,"loc":{"start":{"line":149,"column":15},"end":{"line":155,"column":18}},"locations":[{"start":{"line":149,"column":15},"end":{"line":155,"column":18}}]},"12":{"type":"branch","line":32,"loc":{"start":{"line":32,"column":4},"end":{"line":32,"column":40}},"locations":[{"start":{"line":32,"column":4},"end":{"line":32,"column":40}}]}},"b":{"0":[11],"1":[4],"2":[9],"3":[9],"4":[2],"5":[7],"6":[2],"7":[9],"8":[2],"9":[1],"10":[10],"11":[1],"12":[9]},"fnMap":{"0":{"name":"CourseRow","decl":{"start":{"line":17,"column":7},"end":{"line":166,"column":1}},"loc":{"start":{"line":17,"column":7},"end":{"line":166,"column":1}},"line":17},"1":{"name":"onClick","decl":{"start":{"line":141,"column":23},"end":{"line":144,"column":16}},"loc":{"start":{"line":141,"column":23},"end":{"line":144,"column":16}},"line":141}},"f":{"0":11,"1":0}}
,"/Users/jwangbot/.openclaw/workspace/TritonSchedule/frontend/src/components/ui/button.tsx": {"path":"/Users/jwangbot/.openclaw/workspace/TritonSchedule/frontend/src/components/ui/button.tsx","all":false,"statementMap":{"0":{"start":{"line":1,"column":0},"end":{"line":1,"column":31}},"1":{"start":{"line":2,"column":0},"end":{"line":2,"column":44}},"2":{"start":{"line":3,"column":0},"end":{"line":3,"column":66}},"4":{"start":{"line":5,"column":0},"end":{"line":5,"column":33}},"6":{"start":{"line":7,"column":0},"end":{"line":7,"column":27}},"7":{"start":{"line":8,"column":0},"end":{"line":8,"column":349}},"8":{"start":{"line":9,"column":0},"end":{"line":9,"column":3}},"9":{"start":{"line":10,"column":0},"end":{"line":10,"column":15}},"10":{"start":{"line":11,"column":0},"end":{"line":11,"column":16}},"11":{"start":{"line":12,"column":0},"end":{"line":12,"column":74}},"12":{"start":{"line":13,"column":0},"end":{"line":13,"column":90}},"13":{"start":{"line":14,"column":0},"end":{"line":14,"column":98}},"14":{"start":{"line":15,"column":0},"end":{"line":15,"column":82}},"15":{"start":{"line":16,"column":0},"end":{"line":16,"column":62}},"16":{"start":{"line":17,"column":0},"end":{"line":17,"column":64}},"17":{"start":{"line":18,"column":0},"end":{"line":18,"column":8}},"18":{"start":{"line":19,"column":0},"end":{"line":19,"column":13}},"19":{"start":{"line":20,"column":0},"end":{"line":20,"column":34}},"20":{"start":{"line":21,"column":0},"end":{"line":21,"column":34}},"21":{"start":{"line":22,"column":0},"end":{"line":22,"column":35}},"22":{"start":{"line":23,"column":0},"end":{"line":23,"column":26}},"23":{"start":{"line":24,"column":0},"end":{"line":24,"column":8}},"24":{"start":{"line":25,"column":0},"end":{"line":25,"column":6}},"25":{"start":{"line":26,"column":0},"end":{"line":26,"column":22}},"26":{"start":{"line":27,"column":0},"end":{"line":27,"column":25}},"27":{"start":{"line":28,"column":0},"end":{"line":28,"column":22}},"28":{"start":{"line":29,"column":0},"end":{"line":29,"column":6}},"29":{"start":{"line":30,"column":0},"end":{"line":30,"column":4}},"38":{"start":{"line":39,"column":0},"end":{"line":39,"column":64}},"39":{"start":{"line":40,"column":0},"end":{"line":40,"column":69}},"40":{"start":{"line":41,"column":0},"end":{"line":41,"column":43}},"41":{"start":{"line":42,"column":0},"end":{"line":42,"column":102}},"42":{"start":{"line":43,"column":0},"end":{"line":43,"column":4}},"44":{"start":{"line":45,"column":0},"end":{"line":45,"column":30}}},"s":{"0":1,"1":1,"2":1,"4":1,"6":1,"7":1,"8":1,"9":1,"10":1,"11":1,"12":1,"13":1,"14":1,"15":1,"16":1,"17":1,"18":1,"19":1,"20":1,"21":1,"22":1,"23":1,"24":1,"25":1,"26":1,"27":1,"28":1,"29":1,"38":1,"39":1,"40":7,"41":7,"42":7,"44":1},"branchMap":{"0":{"type":"branch","line":40,"loc":{"start":{"line":40,"column":2},"end":{"line":43,"column":4}},"locations":[{"start":{"line":40,"column":2},"end":{"line":43,"column":4}}]},"1":{"type":"branch","line":41,"loc":{"start":{"line":41,"column":17},"end":{"line":41,"column":34}},"locations":[{"start":{"line":41,"column":17},"end":{"line":41,"column":34}}]}},"b":{"0":[7],"1":[0]},"fnMap":{},"f":{}}
,"/Users/jwangbot/.openclaw/workspace/TritonSchedule/frontend/src/components/ui/collapsible.tsx": {"path":"/Users/jwangbot/.openclaw/workspace/TritonSchedule/frontend/src/components/ui/collapsible.tsx","all":false,"statementMap":{"0":{"start":{"line":1,"column":0},"end":{"line":1,"column":68}},"2":{"start":{"line":3,"column":0},"end":{"line":3,"column":46}},"4":{"start":{"line":5,"column":0},"end":{"line":5,"column":67}},"6":{"start":{"line":7,"column":0},"end":{"line":7,"column":67}}},"s":{"0":1,"2":1,"4":1,"6":1},"branchMap":{},"b":{},"fnMap":{},"f":{}}
,"/Users/jwangbot/.openclaw/workspace/TritonSchedule/frontend/src/components/ui/select.tsx": {"path":"/Users/jwangbot/.openclaw/workspace/TritonSchedule/frontend/src/components/ui/select.tsx","all":false,"statementMap":{"0":{"start":{"line":1,"column":0},"end":{"line":1,"column":31}},"1":{"start":{"line":2,"column":0},"end":{"line":2,"column":58}},"2":{"start":{"line":3,"column":0},"end":{"line":3,"column":61}},"4":{"start":{"line":5,"column":0},"end":{"line":5,"column":33}},"6":{"start":{"line":7,"column":0},"end":{"line":7,"column":36}},"8":{"start":{"line":9,"column":0},"end":{"line":9,"column":42}},"10":{"start":{"line":11,"column":0},"end":{"line":11,"column":42}},"12":{"start":{"line":13,"column":0},"end":{"line":13,"column":39}},"15":{"start":{"line":16,"column":0},"end":{"line":16,"column":47}},"16":{"start":{"line":17,"column":0},"end":{"line":17,"column":26}},"17":{"start":{"line":18,"column":0},"end":{"line":18,"column":13}},"18":{"start":{"line":19,"column":0},"end":{"line":19,"column":18}},"19":{"start":{"line":20,"column":0},"end":{"line":20,"column":312}},"20":{"start":{"line":21,"column":0},"end":{"line":21,"column":16}},"22":{"start":{"line":23,"column":0},"end":{"line":23,"column":14}},"24":{"start":{"line":25,"column":0},"end":{"line":25,"column":14}},"25":{"start":{"line":26,"column":0},"end":{"line":26,"column":34}},"26":{"start":{"line":27,"column":0},"end":{"line":27,"column":52}},"30":{"start":{"line":31,"column":0},"end":{"line":31,"column":64}},"32":{"start":{"line":33,"column":0},"end":{"line":33,"column":46}},"35":{"start":{"line":36,"column":0},"end":{"line":36,"column":37}},"36":{"start":{"line":37,"column":0},"end":{"line":37,"column":33}},"37":{"start":{"line":38,"column":0},"end":{"line":38,"column":13}},"38":{"start":{"line":39,"column":0},"end":{"line":39,"column":85}},"39":{"start":{"line":40,"column":0},"end":{"line":40,"column":14}},"41":{"start":{"line":42,"column":0},"end":{"line":42,"column":37}},"44":{"start":{"line":45,"column":0},"end":{"line":45,"column":78}},"46":{"start":{"line":47,"column":0},"end":{"line":47,"column":48}},"49":{"start":{"line":50,"column":0},"end":{"line":50,"column":37}},"50":{"start":{"line":51,"column":0},"end":{"line":51,"column":35}},"51":{"start":{"line":52,"column":0},"end":{"line":52,"column":13}},"52":{"start":{"line":53,"column":0},"end":{"line":53,"column":85}},"53":{"start":{"line":54,"column":0},"end":{"line":54,"column":14}},"55":{"start":{"line":56,"column":0},"end":{"line":56,"column":39}},"58":{"start":{"line":59,"column":0},"end":{"line":59,"column":82}},"60":{"start":{"line":61,"column":0},"end":{"line":61,"column":39}},"63":{"start":{"line":64,"column":0},"end":{"line":64,"column":68}},"64":{"start":{"line":65,"column":0},"end":{"line":65,"column":26}},"65":{"start":{"line":66,"column":0},"end":{"line":66,"column":28}},"66":{"start":{"line":67,"column":0},"end":{"line":67,"column":15}},"67":{"start":{"line":68,"column":0},"end":{"line":68,"column":20}},"68":{"start":{"line":69,"column":0},"end":{"line":69,"column":462}},"69":{"start":{"line":70,"column":0},"end":{"line":70,"column":32}},"70":{"start":{"line":71,"column":0},"end":{"line":71,"column":140}},"71":{"start":{"line":72,"column":0},"end":{"line":72,"column":18}},"73":{"start":{"line":74,"column":0},"end":{"line":74,"column":25}},"74":{"start":{"line":75,"column":0},"end":{"line":75,"column":16}},"76":{"start":{"line":77,"column":0},"end":{"line":77,"column":30}},"77":{"start":{"line":78,"column":0},"end":{"line":78,"column":31}},"78":{"start":{"line":79,"column":0},"end":{"line":79,"column":22}},"79":{"start":{"line":80,"column":0},"end":{"line":80,"column":16}},"80":{"start":{"line":81,"column":0},"end":{"line":81,"column":34}},"81":{"start":{"line":82,"column":0},"end":{"line":82,"column":102}},"84":{"start":{"line":85,"column":0},"end":{"line":85,"column":18}},"86":{"start":{"line":87,"column":0},"end":{"line":87,"column":32}},"90":{"start":{"line":91,"column":0},"end":{"line":91,"column":64}},"92":{"start":{"line":93,"column":0},"end":{"line":93,"column":37}},"95":{"start":{"line":96,"column":0},"end":{"line":96,"column":37}},"96":{"start":{"line":97,"column":0},"end":{"line":97,"column":116}},"98":{"start":{"line":99,"column":0},"end":{"line":99,"column":60}},"100":{"start":{"line":101,"column":0},"end":{"line":101,"column":36}},"103":{"start":{"line":104,"column":0},"end":{"line":104,"column":47}},"104":{"start":{"line":105,"column":0},"end":{"line":105,"column":23}},"105":{"start":{"line":106,"column":0},"end":{"line":106,"column":13}},"106":{"start":{"line":107,"column":0},"end":{"line":107,"column":18}},"107":{"start":{"line":108,"column":0},"end":{"line":108,"column":226}},"108":{"start":{"line":109,"column":0},"end":{"line":109,"column":16}},"110":{"start":{"line":111,"column":0},"end":{"line":111,"column":14}},"112":{"start":{"line":113,"column":0},"end":{"line":113,"column":83}},"113":{"start":{"line":114,"column":0},"end":{"line":114,"column":37}},"114":{"start":{"line":115,"column":0},"end":{"line":115,"column":37}},"118":{"start":{"line":119,"column":0},"end":{"line":119,"column":67}},"121":{"start":{"line":122,"column":0},"end":{"line":122,"column":58}},"123":{"start":{"line":124,"column":0},"end":{"line":124,"column":41}},"126":{"start":{"line":127,"column":0},"end":{"line":127,"column":37}},"127":{"start":{"line":128,"column":0},"end":{"line":128,"column":106}},"129":{"start":{"line":130,"column":0},"end":{"line":130,"column":68}}},"s":{"0":1,"1":1,"2":1,"4":1,"6":1,"8":1,"10":1,"12":1,"15":1,"16":1,"17":1,"18":1,"19":1,"20":1,"22":1,"24":1,"25":1,"26":1,"30":1,"32":1,"35":1,"36":1,"37":1,"38":1,"39":1,"41":1,"44":1,"46":1,"49":1,"50":1,"51":1,"52":1,"53":1,"55":1,"58":1,"60":1,"63":1,"64":1,"65":1,"66":1,"67":1,"68":1,"69":1,"70":1,"71":1,"73":1,"74":1,"76":1,"77":1,"78":1,"79":1,"80":1,"81":1,"84":1,"86":1,"90":1,"92":1,"95":1,"96":1,"98":1,"100":1,"103":1,"104":1,"105":1,"106":1,"107":1,"108":1,"110":1,"112":1,"113":1,"114":1,"118":1,"121":1,"123":1,"126":1,"127":1,"129":1},"branchMap":{},"b":{},"fnMap":{},"f":{}}
,"/Users/jwangbot/.openclaw/workspace/TritonSchedule/frontend/src/context/CalendarContext.tsx": {"path":"/Users/jwangbot/.openclaw/workspace/TritonSchedule/frontend/src/context/CalendarContext.tsx","all":false,"statementMap":{"0":{"start":{"line":1,"column":0},"end":{"line":1,"column":89}},"11":{"start":{"line":12,"column":0},"end":{"line":12,"column":82}},"12":{"start":{"line":13,"column":0},"end":{"line":13,"column":53}},"14":{"start":{"line":15,"column":0},"end":{"line":15,"column":46}},"15":{"start":{"line":16,"column":0},"end":{"line":16,"column":38}},"16":{"start":{"line":17,"column":0},"end":{"line":17,"column":14}},"17":{"start":{"line":18,"column":0},"end":{"line":18,"column":3}},"19":{"start":{"line":20,"column":0},"end":{"line":20,"column":80}},"20":{"start":{"line":21,"column":0},"end":{"line":21,"column":22}},"21":{"start":{"line":22,"column":0},"end":{"line":22,"column":14}},"22":{"start":{"line":23,"column":0},"end":{"line":23,"column":3}},"24":{"start":{"line":25,"column":0},"end":{"line":25,"column":7}},"25":{"start":{"line":26,"column":0},"end":{"line":26,"column":63}},"26":{"start":{"line":27,"column":0},"end":{"line":27,"column":33}},"27":{"start":{"line":28,"column":0},"end":{"line":28,"column":16}},"28":{"start":{"line":29,"column":0},"end":{"line":29,"column":5}},"30":{"start":{"line":31,"column":0},"end":{"line":31,"column":37}},"31":{"start":{"line":32,"column":0},"end":{"line":32,"column":14}},"32":{"start":{"line":33,"column":0},"end":{"line":33,"column":40}},"33":{"start":{"line":34,"column":0},"end":{"line":34,"column":43}},"34":{"start":{"line":35,"column":0},"end":{"line":35,"column":47}},"35":{"start":{"line":36,"column":0},"end":{"line":36,"column":47}},"36":{"start":{"line":37,"column":0},"end":{"line":37,"column":45}},"37":{"start":{"line":38,"column":0},"end":{"line":38,"column":40}},"39":{"start":{"line":40,"column":0},"end":{"line":40,"column":7}},"40":{"start":{"line":41,"column":0},"end":{"line":41,"column":11}},"41":{"start":{"line":42,"column":0},"end":{"line":42,"column":14}},"42":{"start":{"line":43,"column":0},"end":{"line":43,"column":3}},"43":{"start":{"line":44,"column":0},"end":{"line":44,"column":1}},"45":{"start":{"line":46,"column":0},"end":{"line":46,"column":73}},"46":{"start":{"line":47,"column":0},"end":{"line":47,"column":82}},"48":{"start":{"line":49,"column":0},"end":{"line":49,"column":19}},"49":{"start":{"line":50,"column":0},"end":{"line":50,"column":85}},"50":{"start":{"line":51,"column":0},"end":{"line":51,"column":15}},"52":{"start":{"line":53,"column":0},"end":{"line":53,"column":46}},"53":{"start":{"line":54,"column":0},"end":{"line":54,"column":42}},"54":{"start":{"line":55,"column":0},"end":{"line":55,"column":4}},"56":{"start":{"line":57,"column":0},"end":{"line":57,"column":78}},"57":{"start":{"line":58,"column":0},"end":{"line":58,"column":23}},"58":{"start":{"line":59,"column":0},"end":{"line":59,"column":25}},"59":{"start":{"line":60,"column":0},"end":{"line":60,"column":64}},"62":{"start":{"line":63,"column":0},"end":{"line":63,"column":4}},"64":{"start":{"line":65,"column":0},"end":{"line":65,"column":39}},"65":{"start":{"line":66,"column":0},"end":{"line":66,"column":65}},"66":{"start":{"line":67,"column":0},"end":{"line":67,"column":4}},"68":{"start":{"line":69,"column":0},"end":{"line":69,"column":56}},"69":{"start":{"line":70,"column":0},"end":{"line":70,"column":77}},"70":{"start":{"line":71,"column":0},"end":{"line":71,"column":4}},"72":{"start":{"line":73,"column":0},"end":{"line":73,"column":10}},"73":{"start":{"line":74,"column":0},"end":{"line":74,"column":29}},"74":{"start":{"line":75,"column":0},"end":{"line":75,"column":84}},"76":{"start":{"line":77,"column":0},"end":{"line":77,"column":16}},"79":{"start":{"line":80,"column":0},"end":{"line":80,"column":1}},"81":{"start":{"line":82,"column":0},"end":{"line":82,"column":31}},"82":{"start":{"line":83,"column":0},"end":{"line":83,"column":46}},"83":{"start":{"line":84,"column":0},"end":{"line":84,"column":30}},"84":{"start":{"line":85,"column":0},"end":{"line":85,"column":74}},"85":{"start":{"line":86,"column":0},"end":{"line":86,"column":3}},"86":{"start":{"line":87,"column":0},"end":{"line":87,"column":17}},"87":{"start":{"line":88,"column":0},"end":{"line":88,"column":1}}},"s":{"0":1,"11":1,"12":1,"14":5,"15":5,"16":0,"17":0,"19":5,"20":5,"21":4,"22":4,"24":1,"25":1,"26":5,"27":0,"28":0,"30":1,"31":1,"32":1,"33":1,"34":1,"35":1,"36":1,"37":1,"39":1,"40":5,"41":0,"42":0,"43":5,"45":1,"46":12,"48":12,"49":12,"50":12,"52":12,"53":5,"54":5,"56":12,"57":1,"58":1,"59":1,"62":1,"64":12,"65":1,"66":1,"68":12,"69":1,"70":1,"72":12,"73":12,"74":12,"76":12,"79":12,"81":1,"82":16,"83":16,"84":4,"85":4,"86":12,"87":12},"branchMap":{"0":{"type":"branch","line":15,"loc":{"start":{"line":15,"column":0},"end":{"line":44,"column":1}},"locations":[{"start":{"line":15,"column":0},"end":{"line":44,"column":1}}]},"1":{"type":"branch","line":16,"loc":{"start":{"line":16,"column":37},"end":{"line":18,"column":3}},"locations":[{"start":{"line":16,"column":37},"end":{"line":18,"column":3}}]},"2":{"type":"branch","line":21,"loc":{"start":{"line":21,"column":21},"end":{"line":23,"column":3}},"locations":[{"start":{"line":21,"column":21},"end":{"line":23,"column":3}}]},"3":{"type":"branch","line":23,"loc":{"start":{"line":23,"column":2},"end":{"line":27,"column":32}},"locations":[{"start":{"line":23,"column":2},"end":{"line":27,"column":32}}]},"4":{"type":"branch","line":27,"loc":{"start":{"line":27,"column":32},"end":{"line":29,"column":5}},"locations":[{"start":{"line":27,"column":32},"end":{"line":29,"column":5}}]},"5":{"type":"branch","line":29,"loc":{"start":{"line":29,"column":4},"end":{"line":41,"column":4}},"locations":[{"start":{"line":29,"column":4},"end":{"line":41,"column":4}}]},"6":{"type":"branch","line":41,"loc":{"start":{"line":41,"column":4},"end":{"line":43,"column":3}},"locations":[{"start":{"line":41,"column":4},"end":{"line":43,"column":3}}]},"7":{"type":"branch","line":31,"loc":{"start":{"line":31,"column":25},"end":{"line":40,"column":7}},"locations":[{"start":{"line":31,"column":25},"end":{"line":40,"column":7}}]},"8":{"type":"branch","line":46,"loc":{"start":{"line":46,"column":7},"end":{"line":80,"column":1}},"locations":[{"start":{"line":46,"column":7},"end":{"line":80,"column":1}}]},"9":{"type":"branch","line":47,"loc":{"start":{"line":47,"column":56},"end":{"line":47,"column":82}},"locations":[{"start":{"line":47,"column":56},"end":{"line":47,"column":82}}]},"10":{"type":"branch","line":49,"loc":{"start":{"line":49,"column":12},"end":{"line":51,"column":5}},"locations":[{"start":{"line":49,"column":12},"end":{"line":51,"column":5}}]},"11":{"type":"branch","line":53,"loc":{"start":{"line":53,"column":19},"end":{"line":55,"column":4}},"locations":[{"start":{"line":53,"column":19},"end":{"line":55,"column":4}}]},"12":{"type":"branch","line":54,"loc":{"start":{"line":54,"column":14},"end":{"line":54,"column":42}},"locations":[{"start":{"line":54,"column":14},"end":{"line":54,"column":42}}]},"13":{"type":"branch","line":57,"loc":{"start":{"line":57,"column":22},"end":{"line":63,"column":4}},"locations":[{"start":{"line":57,"column":22},"end":{"line":63,"column":4}}]},"14":{"type":"branch","line":58,"loc":{"start":{"line":58,"column":14},"end":{"line":60,"column":64}},"locations":[{"start":{"line":58,"column":14},"end":{"line":60,"column":64}}]},"15":{"type":"branch","line":59,"loc":{"start":{"line":59,"column":15},"end":{"line":60,"column":64}},"locations":[{"start":{"line":59,"column":15},"end":{"line":60,"column":64}}]},"16":{"type":"branch","line":60,"loc":{"start":{"line":60,"column":55},"end":{"line":60,"column":64}},"locations":[{"start":{"line":60,"column":55},"end":{"line":60,"column":64}}]},"17":{"type":"branch","line":65,"loc":{"start":{"line":65,"column":22},"end":{"line":67,"column":4}},"locations":[{"start":{"line":65,"column":22},"end":{"line":67,"column":4}}]},"18":{"type":"branch","line":66,"loc":{"start":{"line":66,"column":14},"end":{"line":66,"column":65}},"locations":[{"start":{"line":66,"column":14},"end":{"line":66,"column":65}}]},"19":{"type":"branch","line":66,"loc":{"start":{"line":66,"column":36},"end":{"line":66,"column":65}},"locations":[{"start":{"line":66,"column":36},"end":{"line":66,"column":65}}]},"20":{"type":"branch","line":69,"loc":{"start":{"line":69,"column":33},"end":{"line":71,"column":4}},"locations":[{"start":{"line":69,"column":33},"end":{"line":71,"column":4}}]},"21":{"type":"branch","line":70,"loc":{"start":{"line":70,"column":14},"end":{"line":70,"column":77}},"locations":[{"start":{"line":70,"column":14},"end":{"line":70,"column":77}}]},"22":{"type":"branch","line":70,"loc":{"start":{"line":70,"column":36},"end":{"line":70,"column":77}},"locations":[{"start":{"line":70,"column":36},"end":{"line":70,"column":77}}]},"23":{"type":"branch","line":82,"loc":{"start":{"line":82,"column":7},"end":{"line":88,"column":1}},"locations":[{"start":{"line":82,"column":7},"end":{"line":88,"column":1}}]},"24":{"type":"branch","line":84,"loc":{"start":{"line":84,"column":29},"end":{"line":86,"column":3}},"locations":[{"start":{"line":84,"column":29},"end":{"line":86,"column":3}}]},"25":{"type":"branch","line":86,"loc":{"start":{"line":86,"column":2},"end":{"line":88,"column":1}},"locations":[{"start":{"line":86,"column":2},"end":{"line":88,"column":1}}]}},"b":{"0":[5],"1":[0],"2":[4],"3":[1],"4":[0],"5":[1],"6":[0],"7":[1],"8":[12],"9":[5],"10":[12],"11":[5],"12":[5],"13":[1],"14":[1],"15":[1],"16":[0],"17":[1],"18":[1],"19":[1],"20":[1],"21":[1],"22":[2],"23":[16],"24":[4],"25":[12]},"fnMap":{"0":{"name":"loadStoredEvents","decl":{"start":{"line":15,"column":0},"end":{"line":44,"column":1}},"loc":{"start":{"line":15,"column":0},"end":{"line":44,"column":1}},"line":15},"1":{"name":"CalendarProvider","decl":{"start":{"line":46,"column":7},"end":{"line":80,"column":1}},"loc":{"start":{"line":46,"column":7},"end":{"line":80,"column":1}},"line":46},"2":{"name":"addEvent","decl":{"start":{"line":53,"column":19},"end":{"line":55,"column":4}},"loc":{"start":{"line":53,"column":19},"end":{"line":55,"column":4}},"line":53},"3":{"name":"updateEvent","decl":{"start":{"line":57,"column":22},"end":{"line":63,"column":4}},"loc":{"start":{"line":57,"column":22},"end":{"line":63,"column":4}},"line":57},"4":{"name":"deleteEvent","decl":{"start":{"line":65,"column":22},"end":{"line":67,"column":4}},"loc":{"start":{"line":65,"column":22},"end":{"line":67,"column":4}},"line":65},"5":{"name":"deleteEventsByCourseId","decl":{"start":{"line":69,"column":33},"end":{"line":71,"column":4}},"loc":{"start":{"line":69,"column":33},"end":{"line":71,"column":4}},"line":69},"6":{"name":"useCalendar","decl":{"start":{"line":82,"column":7},"end":{"line":88,"column":1}},"loc":{"start":{"line":82,"column":7},"end":{"line":88,"column":1}},"line":82}},"f":{"0":5,"1":12,"2":5,"3":1,"4":1,"5":1,"6":16}}
,"/Users/jwangbot/.openclaw/workspace/TritonSchedule/frontend/src/lib/utils.ts": {"path":"/Users/jwangbot/.openclaw/workspace/TritonSchedule/frontend/src/lib/utils.ts","all":false,"statementMap":{"0":{"start":{"line":1,"column":0},"end":{"line":1,"column":45}},"1":{"start":{"line":2,"column":0},"end":{"line":2,"column":41}},"3":{"start":{"line":4,"column":0},"end":{"line":4,"column":45}},"4":{"start":{"line":5,"column":0},"end":{"line":5,"column":31}},"5":{"start":{"line":6,"column":0},"end":{"line":6,"column":1}}},"s":{"0":1,"1":1,"3":1,"4":58,"5":58},"branchMap":{"0":{"type":"branch","line":4,"loc":{"start":{"line":4,"column":7},"end":{"line":6,"column":1}},"locations":[{"start":{"line":4,"column":7},"end":{"line":6,"column":1}}]}},"b":{"0":[58]},"fnMap":{"0":{"name":"cn","decl":{"start":{"line":4,"column":7},"end":{"line":6,"column":1}},"loc":{"start":{"line":4,"column":7},"end":{"line":6,"column":1}},"line":4}},"f":{"0":58}}
}
