TN:
SF:src/components/CourseRow.tsx
FN:17,CourseRow
FN:141,onClick
FNF:2
FNH:1
FNDA:11,CourseRow
FNDA:0,onClick
DA:1,1
DA:2,1
DA:3,1
DA:4,1
DA:6,1
DA:7,1
DA:17,1
DA:18,11
DA:19,11
DA:20,11
DA:21,11
DA:22,11
DA:23,11
DA:24,11
DA:25,11
DA:26,11
DA:27,11
DA:28,11
DA:31,11
DA:32,11
DA:35,11
DA:37,11
DA:38,11
DA:39,11
DA:40,11
DA:41,11
DA:42,11
DA:43,11
DA:44,11
DA:45,11
DA:47,11
DA:48,11
DA:50,11
DA:51,11
DA:54,11
DA:55,11
DA:57,11
DA:58,11
DA:59,11
DA:60,11
DA:66,11
DA:67,11
DA:68,11
DA:69,11
DA:72,11
DA:73,11
DA:74,11
DA:75,11
DA:76,11
DA:77,11
DA:78,11
DA:82,11
DA:83,11
DA:84,11
DA:85,11
DA:86,11
DA:90,11
DA:91,11
DA:92,11
DA:93,11
DA:94,11
DA:95,11
DA:96,11
DA:97,11
DA:98,11
DA:99,11
DA:102,11
DA:103,11
DA:104,11
DA:105,11
DA:106,11
DA:107,11
DA:108,11
DA:119,11
DA:120,11
DA:121,11
DA:122,11
DA:123,11
DA:124,11
DA:129,11
DA:130,11
DA:131,11
DA:132,11
DA:133,11
DA:134,11
DA:140,11
DA:141,11
DA:142,0
DA:143,0
DA:144,0
DA:145,11
DA:146,11
DA:147,11
DA:149,11
DA:150,1
DA:151,1
DA:155,1
DA:156,11
DA:166,11
LF:99
LH:96
BRDA:17,0,0,11
BRDA:25,1,0,4
BRDA:28,2,0,9
BRDA:55,3,0,9
BRDA:55,4,0,2
BRDA:60,5,0,7
BRDA:78,6,0,2
BRDA:78,7,0,9
BRDA:78,8,0,2
BRDA:147,9,0,1
BRDA:147,10,0,10
BRDA:149,11,0,1
BRDA:32,12,0,9
BRF:13
BRH:13
end_of_record
TN:
SF:src/components/ui/button.tsx
FNF:0
FNH:0
DA:1,1
DA:2,1
DA:3,1
DA:5,1
DA:7,1
DA:8,1
DA:9,1
DA:10,1
DA:11,1
DA:12,1
DA:13,1
DA:14,1
DA:15,1
DA:16,1
DA:17,1
DA:18,1
DA:19,1
DA:20,1
DA:21,1
DA:22,1
DA:23,1
DA:24,1
DA:25,1
DA:26,1
DA:27,1
DA:28,1
DA:29,1
DA:30,1
DA:39,1
DA:40,1
DA:41,7
DA:42,7
DA:43,7
DA:45,1
LF:34
LH:34
BRDA:40,0,0,7
BRDA:41,1,0,0
BRF:2
BRH:1
end_of_record
TN:
SF:src/components/ui/collapsible.tsx
FNF:0
FNH:0
DA:1,1
DA:3,1
DA:5,1
DA:7,1
LF:4
LH:4
BRF:0
BRH:0
end_of_record
TN:
SF:src/components/ui/select.tsx
FNF:0
FNH:0
DA:1,1
DA:2,1
DA:3,1
DA:5,1
DA:7,1
DA:9,1
DA:11,1
DA:13,1
DA:16,1
DA:17,1
DA:18,1
DA:19,1
DA:20,1
DA:21,1
DA:23,1
DA:25,1
DA:26,1
DA:27,1
DA:31,1
DA:33,1
DA:36,1
DA:37,1
DA:38,1
DA:39,1
DA:40,1
DA:42,1
DA:45,1
DA:47,1
DA:50,1
DA:51,1
DA:52,1
DA:53,1
DA:54,1
DA:56,1
DA:59,1
DA:61,1
DA:64,1
DA:65,1
DA:66,1
DA:67,1
DA:68,1
DA:69,1
DA:70,1
DA:71,1
DA:72,1
DA:74,1
DA:75,1
DA:77,1
DA:78,1
DA:79,1
DA:80,1
DA:81,1
DA:82,1
DA:85,1
DA:87,1
DA:91,1
DA:93,1
DA:96,1
DA:97,1
DA:99,1
DA:101,1
DA:104,1
DA:105,1
DA:106,1
DA:107,1
DA:108,1
DA:109,1
DA:111,1
DA:113,1
DA:114,1
DA:115,1
DA:119,1
DA:122,1
DA:124,1
DA:127,1
DA:128,1
DA:130,1
LF:77
LH:77
BRF:0
BRH:0
end_of_record
TN:
SF:src/context/CalendarContext.tsx
FN:15,loadStoredEvents
FN:46,CalendarProvider
FN:53,addEvent
FN:57,updateEvent
FN:65,deleteEvent
FN:69,deleteEventsByCourseId
FN:82,useCalendar
FNF:7
FNH:7
FNDA:5,loadStoredEvents
FNDA:12,CalendarProvider
FNDA:5,addEvent
FNDA:1,updateEvent
FNDA:1,deleteEvent
FNDA:1,deleteEventsByCourseId
FNDA:16,useCalendar
DA:1,1
DA:12,1
DA:13,1
DA:15,5
DA:16,5
DA:17,0
DA:18,0
DA:20,5
DA:21,5
DA:22,4
DA:23,4
DA:25,1
DA:26,1
DA:27,5
DA:28,0
DA:29,0
DA:31,1
DA:32,1
DA:33,1
DA:34,1
DA:35,1
DA:36,1
DA:37,1
DA:38,1
DA:40,1
DA:41,5
DA:42,0
DA:43,0
DA:44,5
DA:46,1
DA:47,12
DA:49,12
DA:50,12
DA:51,12
DA:53,12
DA:54,5
DA:55,5
DA:57,12
DA:58,1
DA:59,1
DA:60,1
DA:63,1
DA:65,12
DA:66,1
DA:67,1
DA:69,12
DA:70,1
DA:71,1
DA:73,12
DA:74,12
DA:75,12
DA:77,12
DA:80,12
DA:82,1
DA:83,16
DA:84,16
DA:85,4
DA:86,4
DA:87,12
DA:88,12
LF:60
LH:54
BRDA:15,0,0,5
BRDA:16,1,0,0
BRDA:21,2,0,4
BRDA:23,3,0,1
BRDA:27,4,0,0
BRDA:29,5,0,1
BRDA:41,6,0,0
BRDA:31,7,0,1
BRDA:46,8,0,12
BRDA:47,9,0,5
BRDA:49,10,0,12
BRDA:53,11,0,5
BRDA:54,12,0,5
BRDA:57,13,0,1
BRDA:58,14,0,1
BRDA:59,15,0,1
BRDA:60,16,0,0
BRDA:65,17,0,1
BRDA:66,18,0,1
BRDA:66,19,0,1
BRDA:69,20,0,1
BRDA:70,21,0,1
BRDA:70,22,0,2
BRDA:82,23,0,16
BRDA:84,24,0,4
BRDA:86,25,0,12
BRF:26
BRH:22
end_of_record
TN:
SF:src/lib/utils.ts
FN:4,cn
FNF:1
FNH:1
FNDA:58,cn
DA:1,1
DA:2,1
DA:4,1
DA:5,58
DA:6,58
LF:5
LH:5
BRDA:4,0,0,58
BRF:1
BRH:1
end_of_record
