TN:
SF:src/app.ts
FNF:0
FNH:0
DA:12,0
DA:13,0
DA:16,0
DA:18,0
DA:25,0
DA:34,0
DA:35,0
DA:36,0
DA:38,0
DA:39,0
DA:40,0
DA:41,0
LF:12
LH:0
BRDA:12,0,0,0
BRF:1
BRH:0
end_of_record
TN:
SF:src/server.ts
FN:6,(anonymous_0)
FNF:1
FNH:0
FNDA:0,(anonymous_0)
DA:3,0
DA:6,0
DA:7,0
LF:3
LH:0
BRDA:3,0,0,0
BRDA:3,0,1,0
BRF:2
BRH:0
end_of_record
TN:
SF:src/controllers/getActiveTerm.ts
FN:3,getActiveTerm
FNF:1
FNH:0
FNDA:0,getActiveTerm
DA:4,0
DA:6,0
DA:7,0
DA:10,0
LF:4
LH:0
BRDA:6,0,0,0
BRF:1
BRH:0
end_of_record
TN:
SF:src/controllers/searchForClass.ts
FN:4,searchForClass
FNF:1
FNH:0
FNDA:0,searchForClass
DA:6,0
DA:8,0
DA:10,0
DA:11,0
DA:13,0
DA:15,0
DA:16,0
DA:19,0
DA:22,0
DA:23,0
DA:26,0
DA:29,0
DA:31,0
LF:13
LH:0
BRDA:10,0,0,0
BRDA:10,0,1,0
BRDA:11,1,0,0
BRDA:11,1,1,0
BRDA:15,2,0,0
BRDA:22,3,0,0
BRF:6
BRH:0
end_of_record
TN:
SF:src/controllers/searchOneRMP.ts
FN:4,searchOneRMP
FNF:1
FNH:0
FNDA:0,searchOneRMP
DA:6,0
DA:8,0
DA:10,0
DA:11,0
DA:12,0
DA:15,0
DA:17,0
DA:19,0
DA:23,0
DA:24,0
DA:27,0
LF:11
LH:0
BRDA:10,0,0,0
BRDA:15,1,0,0
BRDA:15,1,1,0
BRDA:23,2,0,0
BRF:4
BRH:0
end_of_record
TN:
SF:src/controllers/updateInformation.ts
FN:5,updateInformation
FNF:1
FNH:0
FNDA:0,updateInformation
DA:7,0
DA:9,0
DA:10,0
DA:12,0
DA:13,0
DA:15,0
DA:17,0
LF:7
LH:0
BRF:0
BRH:0
end_of_record
TN:
SF:src/ingestion/createTerm.ts
FN:4,createTerm
FNF:1
FNH:0
FNDA:0,createTerm
DA:5,0
DA:6,0
DA:8,0
DA:10,0
DA:12,0
DA:17,0
DA:21,0
LF:7
LH:0
BRDA:10,0,0,0
BRF:1
BRH:0
end_of_record
TN:
SF:src/ingestion/detectCurrentTerm.ts
FN:3,detectCurrentTerm
FNF:1
FNH:0
FNDA:0,detectCurrentTerm
DA:5,0
DA:8,0
DA:12,0
DA:13,0
DA:14,0
DA:17,0
DA:23,0
LF:7
LH:0
BRF:0
BRH:0
end_of_record
TN:
SF:src/ingestion/getActiveTermFromDB.ts
FN:4,getActiveTermFromDB
FNF:1
FNH:0
FNDA:0,getActiveTermFromDB
DA:5,0
DA:8,0
DA:9,0
DA:11,0
DA:12,0
DA:15,0
DA:16,0
DA:18,0
LF:8
LH:0
BRDA:11,0,0,0
BRF:1
BRH:0
end_of_record
TN:
SF:src/ingestion/ingest.ts
FN:22,ingest
FNF:1
FNH:0
FNDA:0,ingest
DA:24,0
DA:26,0
DA:27,0
DA:29,0
DA:31,0
DA:32,0
DA:33,0
DA:35,0
DA:36,0
DA:37,0
DA:40,0
DA:43,0
LF:12
LH:0
BRDA:29,0,0,0
BRDA:29,0,1,0
BRDA:33,1,0,0
BRDA:33,1,1,0
BRF:4
BRH:0
end_of_record
TN:
SF:src/ingestion/markAllTermsInactive.ts
FN:3,markAllTermsInactive
FNF:1
FNH:0
FNDA:0,markAllTermsInactive
DA:4,0
DA:6,0
DA:8,0
DA:10,0
LF:4
LH:0
BRF:0
BRH:0
end_of_record
TN:
SF:src/ingestion/rmpUpdate.ts
FN:15,rmpUpdate
FNF:1
FNH:0
FNDA:0,rmpUpdate
DA:13,0
DA:17,0
DA:18,0
DA:19,0
DA:21,0
DA:24,0
DA:26,0
DA:28,0
DA:29,0
DA:34,0
DA:42,0
DA:45,0
DA:47,0
DA:49,0
DA:50,0
DA:51,0
DA:52,0
DA:61,0
DA:68,0
DA:71,0
DA:73,0
LF:21
LH:0
BRDA:28,0,0,0
BRDA:28,1,0,0
BRDA:28,1,1,0
BRDA:49,2,0,0
BRF:4
BRH:0
end_of_record
TN:
SF:src/ingestion/scrapeCurrentPage.ts
FN:5,scrapeCurrentPage
FN:14,(anonymous_1)
FN:19,(anonymous_2)
FN:51,(anonymous_3)
FN:55,(anonymous_4)
FN:59,(anonymous_5)
FNF:6
FNH:0
FNDA:0,scrapeCurrentPage
FNDA:0,(anonymous_1)
FNDA:0,(anonymous_2)
FNDA:0,(anonymous_3)
FNDA:0,(anonymous_4)
FNDA:0,(anonymous_5)
DA:7,0
DA:9,0
DA:10,0
DA:12,0
DA:14,0
DA:15,0
DA:19,0
DA:20,0
DA:23,0
DA:26,0
DA:27,0
DA:30,0
DA:32,0
DA:33,0
DA:36,0
DA:48,0
DA:51,0
DA:52,0
DA:55,0
DA:56,0
DA:59,0
DA:60,0
DA:62,0
DA:63,0
DA:66,0
DA:69,0
DA:70,0
DA:76,0
DA:77,0
DA:78,0
DA:82,0
DA:83,0
DA:91,0
DA:92,0
DA:100,0
DA:101,0
DA:108,0
DA:109,0
DA:110,0
DA:117,0
DA:118,0
DA:124,0
DA:125,0
DA:126,0
DA:127,0
DA:130,0
DA:141,0
DA:142,0
DA:145,0
LF:49
LH:0
BRDA:26,0,0,0
BRDA:26,1,0,0
BRDA:26,1,1,0
BRDA:30,2,0,0
BRDA:32,3,0,0
BRDA:69,4,0,0
BRDA:70,5,0,0
BRDA:70,5,1,0
BRDA:71,6,0,0
BRDA:71,6,1,0
BRDA:71,6,2,0
BRDA:71,6,3,0
BRDA:76,7,0,0
BRDA:82,8,0,0
BRDA:82,9,0,0
BRDA:82,9,1,0
BRDA:91,10,0,0
BRDA:100,11,0,0
BRDA:108,12,0,0
BRDA:108,12,1,0
BRDA:108,13,0,0
BRDA:108,13,1,0
BRDA:109,14,0,0
BRDA:117,15,0,0
BRDA:124,16,0,0
BRDA:125,17,0,0
BRDA:141,18,0,0
BRF:27
BRH:0
end_of_record
TN:
SF:src/ingestion/startSearch.ts
FN:200,startSearch
FN:234,(anonymous_1)
FN:238,(anonymous_2)
FN:239,(anonymous_3)
FN:279,(anonymous_4)
FN:287,(anonymous_5)
FNF:6
FNH:0
FNDA:0,startSearch
FNDA:0,(anonymous_1)
FNDA:0,(anonymous_2)
FNDA:0,(anonymous_3)
FNDA:0,(anonymous_4)
FNDA:0,(anonymous_5)
DA:9,0
DA:202,0
DA:203,0
DA:204,0
DA:205,0
DA:213,0
DA:216,0
DA:217,0
DA:218,0
DA:222,0
DA:225,0
DA:226,0
DA:227,0
DA:230,0
DA:231,0
DA:234,0
DA:235,0
DA:238,0
DA:239,0
DA:242,0
DA:244,0
DA:245,0
DA:246,0
DA:251,0
DA:254,0
DA:256,0
DA:258,0
DA:260,0
DA:262,0
DA:263,0
DA:270,0
DA:272,0
DA:279,0
DA:280,0
DA:286,0
DA:287,0
DA:290,0
DA:291,0
DA:294,0
DA:295,0
DA:299,0
DA:300,0
DA:304,0
DA:307,0
DA:309,0
DA:311,0
DA:313,0
LF:47
LH:0
BRDA:226,0,0,0
BRDA:244,1,0,0
BRDA:251,2,0,0
BRDA:251,2,1,0
BRDA:254,3,0,0
BRDA:254,3,1,0
BRDA:262,4,0,0
BRDA:290,5,0,0
BRDA:299,6,0,0
BRF:9
BRH:0
end_of_record
TN:
SF:src/middleware/requireApiSecret.ts
FN:1,requireApiSecret
FNF:1
FNH:1
FNDA:7,requireApiSecret
DA:2,7
DA:3,1
DA:6,6
DA:12,6
DA:13,6
DA:14,6
DA:19,2
DA:22,4
DA:24,4
DA:25,4
DA:27,4
DA:28,3
DA:31,1
LF:13
LH:13
BRDA:2,0,0,1
BRDA:14,1,0,2
BRDA:15,2,0,6
BRDA:15,2,1,5
BRDA:15,2,2,4
BRDA:24,3,0,4
BRDA:24,3,1,1
BRDA:25,4,0,2
BRDA:25,4,1,2
BRDA:27,5,0,3
BRF:10
BRH:10
end_of_record
TN:
SF:src/routes/courseRouter.ts
FNF:0
FNH:0
DA:4,0
DA:6,0
LF:2
LH:0
BRF:0
BRH:0
end_of_record
TN:
SF:src/routes/refreshRouter.ts
FNF:0
FNH:0
DA:4,0
DA:6,0
LF:2
LH:0
BRF:0
BRH:0
end_of_record
TN:
SF:src/routes/rmpRouter.ts
FNF:0
FNH:0
DA:4,0
DA:6,0
LF:2
LH:0
BRF:0
BRH:0
end_of_record
TN:
SF:src/routes/termRouter.ts
FNF:0
FNH:0
DA:4,0
DA:6,0
LF:2
LH:0
BRF:0
BRH:0
end_of_record
TN:
SF:src/services/connectToDB.ts
FN:26,getMongoConfig
FN:36,sleep
FN:37,(anonymous_2)
FN:40,shouldRetry
FN:47,clearBrokenClient
FN:49,(anonymous_5)
FN:58,getConnectedDb
FN:88,connectToDB
FN:92,(anonymous_8)
FNF:9
FNH:2
FNDA:3,getMongoConfig
FNDA:0,sleep
FNDA:0,(anonymous_2)
FNDA:5,shouldRetry
FNDA:0,clearBrokenClient
FNDA:0,(anonymous_5)
FNDA:0,getConnectedDb
FNDA:0,connectToDB
FNDA:0,(anonymous_8)
DA:9,1
DA:13,1
DA:19,1
DA:21,1
DA:22,1
DA:24,1
DA:27,3
DA:28,3
DA:30,3
DA:31,2
DA:33,1
DA:37,0
DA:41,5
DA:43,4
DA:44,4
DA:48,0
DA:49,0
DA:52,0
DA:53,0
DA:54,0
DA:55,0
DA:59,0
DA:61,0
DA:63,0
DA:64,0
DA:75,0
DA:78,0
DA:79,0
DA:81,0
DA:82,0
DA:83,0
DA:85,0
DA:89,0
DA:90,0
DA:92,0
DA:93,0
DA:95,0
DA:96,0
DA:97,0
DA:99,0
DA:100,0
DA:102,0
DA:103,0
DA:106,0
DA:110,0
DA:113,0
DA:114,0
DA:116,0
LF:48
LH:14
BRDA:13,0,0,1
BRDA:13,0,1,1
BRDA:30,1,0,1
BRDA:31,2,0,1
BRDA:41,3,0,1
BRDA:44,4,0,4
BRDA:44,4,1,3
BRDA:44,4,2,2
BRDA:48,5,0,0
BRDA:59,6,0,0
BRDA:63,7,0,0
BRDA:89,8,0,0
BRDA:90,9,0,0
BRDA:102,10,0,0
BRDA:102,11,0,0
BRDA:102,11,1,0
BRF:16
BRH:8
end_of_record
TN:
SF:src/services/disconnectFromDB.ts
FN:3,disconnectFromDB
FNF:1
FNH:0
FNDA:0,disconnectFromDB
DA:4,0
DA:5,0
LF:2
LH:0
BRDA:4,0,0,0
BRF:1
BRH:0
end_of_record
TN:
SF:src/services/insertDB.ts
FN:3,insertDB
FNF:1
FNH:0
FNDA:0,insertDB
DA:8,0
DA:10,0
DA:12,0
LF:3
LH:0
BRF:0
BRH:0
end_of_record
TN:
SF:src/utils/normalizeTeacherKey.ts
FN:1,normalizeTeacherKey
FNF:1
FNH:1
FNDA:7,normalizeTeacherKey
DA:3,7
DA:9,7
LF:2
LH:2
BRF:0
BRH:0
end_of_record
